{"ip":"::1","level":"info","message":"Request received","method":"POST","timestamp":"2024-05-23 07:08:22.270 PM","url":"/crawl/html/single"}
{"ip":"::1","level":"info","message":"Request received","method":"POST","timestamp":"2024-05-23 07:08:31.335 PM","url":"/crawl/html/single"}
{"ip":"::1","level":"info","message":"Request received","method":"POST","timestamp":"2024-05-23 07:12:29.421 PM","url":"/crawl/html/single"}
{"ip":"::1","level":"info","message":"crawling on website https://api.heyrai.com/","method":"POST","timestamp":"2024-05-23 07:12:38.727 PM","url":"/html/single"}
{"ip":"::1","level":"info","message":"Request received","method":"POST","timestamp":"2024-05-24 02:54:21.580 PM","url":"/crawl/html/single"}
{"ip":"::1","level":"info","message":"crawling on website https://api.heyrai.com/","method":"POST","timestamp":"2024-05-24 02:55:10.413 PM","url":"/html/single"}
{"ip":"::1","level":"info","message":"Request received","method":"POST","timestamp":"2024-05-24 02:58:25.370 PM","url":"/crawl/html/tags"}
{"ip":"::1","level":"info","message":"Request received","method":"POST","timestamp":"2024-05-24 02:59:25.813 PM","url":"/crawl/html/tags"}
{"ip":"::1","level":"info","message":"Request received","method":"POST","timestamp":"2024-05-24 02:59:34.261 PM","url":"/crawl/html/tags"}
{"ip":"::1","level":"info","message":"Request received","method":"POST","timestamp":"2024-05-24 02:59:59.935 PM","url":"/crawl/html/tags"}
{"ip":"::1","level":"info","message":"Request received","method":"POST","timestamp":"2024-05-24 03:00:50.132 PM","url":"/crawl/html/tags"}
{"ip":"::1","level":"info","message":"Request received","method":"POST","timestamp":"2024-05-24 03:03:50.426 PM","url":"/crawl/html/tags"}
{"ip":"::1","level":"info","message":"Request received","method":"POST","timestamp":"2024-05-24 03:05:29.413 PM","url":"/crawl/html/tags"}
{"ip":"::1","level":"info","message":"Request received","method":"POST","timestamp":"2024-05-24 03:08:46.285 PM","url":"/crawl/html/tags"}
{"ip":"::1","level":"info","message":"Request received","method":"POST","timestamp":"2024-05-24 03:09:56.611 PM","url":"/crawl/html/tags"}
{"ip":"::1","level":"info","message":"Request received","method":"POST","timestamp":"2024-05-24 03:16:45.288 PM","url":"/crawl/html/tags"}
{"ip":"::1","level":"info","message":"Request received","method":"POST","timestamp":"2024-05-24 03:17:21.991 PM","url":"/crawl/html/tags"}
{"ip":"::1","level":"info","message":"Request received","method":"POST","timestamp":"2024-05-24 03:17:49.109 PM","url":"/crawl/html/tags"}
{"ip":"::1","level":"info","message":"crawling on website https://api.heyrai.com/ and tag h1","method":"POST","timestamp":"2024-05-24 03:17:49.117 PM","url":"/html/tags"}
{"ip":"::1","level":"info","message":"Request received","method":"POST","timestamp":"2024-05-24 03:17:53.757 PM","url":"/crawl/html/tags"}
{"ip":"::1","level":"info","message":"crawling on website https://api.heyrai.com/ and tag h1","method":"POST","timestamp":"2024-05-24 03:17:53.760 PM","url":"/html/tags"}
{"ip":"::1","level":"info","message":"Request received","method":"POST","timestamp":"2024-05-24 03:18:12.391 PM","url":"/crawl/html/tags"}
{"ip":"::1","level":"info","message":"Request received","method":"POST","timestamp":"2024-05-24 03:18:35.740 PM","url":"/crawl/html/tags"}
{"ip":"::1","level":"info","message":"Request received","method":"POST","timestamp":"2024-05-24 03:19:15.265 PM","url":"/crawl/html/tags"}
{"ip":"::1","level":"info","message":"crawling on website https://nodejs.org/dist/latest-v20.x/docs/api/ and tag h1","method":"POST","timestamp":"2024-05-24 03:19:15.632 PM","url":"/html/tags"}
{"ip":"::1","level":"info","message":"Request received","method":"POST","timestamp":"2024-05-24 03:20:10.154 PM","url":"/crawl/html/tags"}
{"ip":"::1","level":"info","message":"Request received","method":"POST","timestamp":"2024-05-24 03:20:21.367 PM","url":"/crawl/html/tags"}
{"ip":"::1","level":"info","message":"crawling on website https://nodejs.org/dist/latest-v20.x/docs/api/ and tag h1","method":"POST","timestamp":"2024-05-24 03:20:21.564 PM","url":"/html/tags"}
{"ip":"::1","level":"info","message":"Request received","method":"POST","timestamp":"2024-05-24 03:20:37.553 PM","url":"/crawl/html/tags"}
{"ip":"::1","level":"info","message":"crawling on website https://nodejs.org/dist/latest-v20.x/docs/api/ and tag h1,p","method":"POST","timestamp":"2024-05-24 03:20:37.612 PM","url":"/html/tags"}
{"ip":"::1","level":"info","message":"Request received","method":"POST","timestamp":"2024-05-24 03:20:44.700 PM","url":"/crawl/html/tags"}
{"ip":"::1","level":"info","message":"crawling on website https://nodejs.org/dist/latest-v20.x/docs/api/ and tag h1,h2","method":"POST","timestamp":"2024-05-24 03:20:45.004 PM","url":"/html/tags"}
{"ip":"::1","level":"info","message":"Request received","method":"POST","timestamp":"2024-05-24 03:20:52.501 PM","url":"/crawl/html/tags"}
{"ip":"::1","level":"info","message":"crawling on website https://nodejs.org/dist/latest-v20.x/docs/api/ and tag h1,div","method":"POST","timestamp":"2024-05-24 03:20:53.475 PM","url":"/html/tags"}
{"ip":"::1","level":"info","message":"Request received","method":"POST","timestamp":"2024-05-24 03:23:36.143 PM","url":"/crawl/html/tags"}
{"ip":"::1","level":"info","message":"crawling on website https://nodejs.org/dist/latest-v20.x/docs/api/ and tag h1,div","method":"POST","timestamp":"2024-05-24 03:23:36.571 PM","url":"/html/tags"}
{"ip":"::1","level":"info","message":"Request received","method":"POST","timestamp":"2024-05-24 03:46:05.113 PM","url":"/crawl/html/tags"}
{"ip":"::1","level":"info","message":"Request received","method":"POST","timestamp":"2024-05-24 03:46:37.940 PM","url":"/crawl/html/tags"}
{"ip":"::1","level":"info","message":"Request received","method":"POST","timestamp":"2024-05-24 03:47:03.502 PM","url":"/crawl/html/tags"}
{"ip":"::1","level":"info","message":"crawling on website https://nodejs.org/dist/latest-v20.x/docs/api/ and tag h1,div","method":"POST","timestamp":"2024-05-24 03:47:03.720 PM","url":"/html/tags"}
{"ip":"::1","level":"info","message":"Request received","method":"POST","timestamp":"2024-05-24 03:47:37.261 PM","url":"/crawl/html/tags"}
{"ip":"::1","level":"info","message":"Request received","method":"POST","timestamp":"2024-05-24 03:49:05.181 PM","url":"/crawl/html/tags"}
{"ip":"::1","level":"info","message":"Request received","method":"POST","timestamp":"2024-05-24 03:53:34.093 PM","url":"/crawl/html/tags"}
{"ip":"::1","level":"info","message":"crawling on website https://nodejs.org/dist/latest-v20.x/docs/api/ and tag h1,div","method":"POST","timestamp":"2024-05-24 03:53:34.325 PM","url":"/html/tags"}
{"ip":"::1","level":"info","message":"Request received","method":"POST","timestamp":"2024-05-24 03:54:32.581 PM","url":"/crawl/html/tags"}
{"ip":"::1","level":"info","message":"crawling on website https://nodejs.org/dist/latest-v20.x/docs/api/ and tag h1,div","method":"POST","timestamp":"2024-05-24 03:54:32.767 PM","url":"/html/tags"}
{"ip":"::1","level":"info","message":"Request received","method":"POST","timestamp":"2024-05-24 03:55:20.390 PM","url":"/crawl/html/tags"}
{"ip":"::1","level":"info","message":"crawling on website https://nodejs.org/dist/latest-v20.x/docs/api/ and tag h1,div","method":"POST","timestamp":"2024-05-24 03:55:20.809 PM","url":"/html/tags"}
{"ip":"::1","level":"info","message":"Request received","method":"POST","timestamp":"2024-05-24 04:17:49.490 PM","url":"/crawl/html/tags"}
{"ip":"::1","level":"info","message":"crawling on website https://nodejs.org/dist/latest-v20.x/docs/api/ and tag h1,div","method":"POST","timestamp":"2024-05-24 04:17:49.741 PM","url":"/html/tags"}
{"ip":"::1","level":"info","message":"Request received","method":"POST","timestamp":"2024-05-24 04:18:00.781 PM","url":"/admin/get"}
{"ip":"::1","level":"info","message":"Request received","method":"GET","timestamp":"2024-05-24 04:18:07.343 PM","url":"/admin/get"}
{"ip":"::1","level":"info","message":"Request received","method":"GET","timestamp":"2024-05-24 04:18:41.206 PM","url":"/admin/crawl/get"}
{"ip":"::1","level":"info","message":"Request received","method":"GET","timestamp":"2024-05-24 04:20:59.436 PM","url":"/admin/crawl/get"}
{"ip":"::1","level":"info","message":"Request received","method":"GET","timestamp":"2024-05-24 04:21:02.247 PM","url":"/admin/crawl/get"}
